2025-03-04 5:54:08 - PHP Unknown:  strtolower(): Passing null to parameter #1 ($string) of type string is deprecated in /Users/simonfroggatt/Sites/totalsafetygroup_stores/admin/controller/extension/dashboard/map.php on line 102
2025-03-04 11:24:56 - PHP Unknown:  preg_replace(): Passing null to parameter #3 ($subject) of type array|string is deprecated in /Users/simonfroggatt/Sites/totalsafetygroup_stores/system/engine/action.php on line 65
2025-03-04 11:26:19 - PHP Warning:  Undefined array key "product_id" in /Users/simonfroggatt/Sites/totalsafetygroup_stores/catalog/controller/tsg/recently_viewed.php on line 20
2025-03-04 12:02:26 - PHP Unknown:  preg_replace(): Passing null to parameter #3 ($subject) of type array|string is deprecated in /Users/simonfroggatt/Sites/totalsafetygroup_stores/system/engine/action.php on line 65
2025-03-04 12:04:13 - PHP Warning:  Undefined array key "product_id" in /Users/simonfroggatt/Sites/totalsafetygroup_stores/catalog/controller/tsg/recently_viewed.php on line 20
2025-03-04 12:07:10 - PHP Unknown:  preg_replace(): Passing null to parameter #3 ($subject) of type array|string is deprecated in /Users/simonfroggatt/Sites/totalsafetygroup_stores/system/engine/action.php on line 65
2025-03-04 12:07:19 - PHP Unknown:  preg_replace(): Passing null to parameter #3 ($subject) of type array|string is deprecated in /Users/simonfroggatt/Sites/totalsafetygroup_stores/system/engine/action.php on line 65
2025-03-04 12:17:12 - PHP Warning:  Trying to access array offset on false in /Users/simonfroggatt/Sites/totalsafetygroup_stores/catalog/controller/tsg/test.php on line 25
2025-03-04 12:17:12 - PHP Warning:  Trying to access array offset on false in /Users/simonfroggatt/Sites/totalsafetygroup_stores/catalog/controller/tsg/test.php on line 26
2025-03-04 12:17:25 - PHP Warning:  Trying to access array offset on false in /Users/simonfroggatt/Sites/totalsafetygroup_stores/catalog/controller/tsg/test.php on line 25
2025-03-04 12:17:25 - PHP Warning:  Trying to access array offset on false in /Users/simonfroggatt/Sites/totalsafetygroup_stores/catalog/controller/tsg/test.php on line 26
2025-03-04 12:17:44 - PHP Warning:  Trying to access array offset on false in /Users/simonfroggatt/Sites/totalsafetygroup_stores/catalog/controller/tsg/test.php on line 25
2025-03-04 12:17:44 - PHP Warning:  Trying to access array offset on false in /Users/simonfroggatt/Sites/totalsafetygroup_stores/catalog/controller/tsg/test.php on line 26
2025-03-04 12:22:46 - PHP Warning:  Undefined array key "user_token" in /Users/simonfroggatt/Sites/totalsafetygroup_stores/catalog/controller/tsg/export_settings.php on line 10
2025-03-04 12:22:46 - PHP Warning:  Undefined array key "user_token" in /Users/simonfroggatt/Sites/totalsafetygroup_stores/catalog/controller/tsg/export_settings.php on line 15
2025-03-04 12:22:46 - PHP Warning:  Undefined array key "user_token" in /Users/simonfroggatt/Sites/totalsafetygroup_stores/catalog/controller/tsg/export_settings.php on line 18
2025-03-04 12:22:46 - PHP Warning:  Undefined array key "user_token" in /Users/simonfroggatt/Sites/totalsafetygroup_stores/catalog/controller/tsg/export_settings.php on line 19
2025-03-04 12:36:38 - PHP Warning:  Undefined array key "payment" in /Users/simonfroggatt/Sites/totalsafetygroup_stores/catalog/controller/tsg/export_settings.php on line 94
2025-03-04 12:36:38 - PHP Warning:  Undefined array key "payment" in /Users/simonfroggatt/Sites/totalsafetygroup_stores/catalog/controller/tsg/export_settings.php on line 94
2025-03-04 12:36:38 - PHP Warning:  Undefined array key "payment" in /Users/simonfroggatt/Sites/totalsafetygroup_stores/catalog/controller/tsg/export_settings.php on line 94
2025-03-04 12:36:38 - PHP Warning:  Undefined array key "payment" in /Users/simonfroggatt/Sites/totalsafetygroup_stores/catalog/controller/tsg/export_settings.php on line 94
2025-03-04 12:36:38 - PHP Warning:  Undefined array key "payment" in /Users/simonfroggatt/Sites/totalsafetygroup_stores/catalog/controller/tsg/export_settings.php on line 94
2025-03-04 12:36:38 - PHP Warning:  Undefined array key "payment" in /Users/simonfroggatt/Sites/totalsafetygroup_stores/catalog/controller/tsg/export_settings.php on line 94
2025-03-04 12:36:38 - PHP Warning:  Undefined array key "payment" in /Users/simonfroggatt/Sites/totalsafetygroup_stores/catalog/controller/tsg/export_settings.php on line 94
2025-03-04 12:36:38 - PHP Warning:  Undefined array key "payment" in /Users/simonfroggatt/Sites/totalsafetygroup_stores/catalog/controller/tsg/export_settings.php on line 94
2025-03-04 12:43:29 - PHP Warning:  mysqli::query(): (42S02/1146): Table 'totalsafetygroup_oc.oc_setting' doesn't exist in /Users/simonfroggatt/Sites/totalsafetygroup_stores/system/library/db/mysqli.php on line 25
2025-03-04 12:47:01 - PHP Warning:  fopen(/Users/simonfroggatt/Sites/totalsafetygroup_stores/system/storage/logs/): Failed to open stream: Is a directory in /Users/simonfroggatt/Sites/totalsafetygroup_stores/system/library/log.php on line 22
2025-03-04 12:47:03 - PHP Warning:  fopen(/Users/simonfroggatt/Sites/totalsafetygroup_stores/system/storage/logs/): Failed to open stream: Is a directory in /Users/simonfroggatt/Sites/totalsafetygroup_stores/system/library/log.php on line 22
2025-03-04 12:48:27 - PHP Warning:  fopen(/Users/simonfroggatt/Sites/totalsafetygroup_stores/system/storage/logs/): Failed to open stream: Is a directory in /Users/simonfroggatt/Sites/totalsafetygroup_stores/system/library/log.php on line 22
2025-03-04 12:51:58 - PHP Warning:  fopen(/Users/simonfroggatt/Sites/totalsafetygroup_stores/system/storage/logs/): Failed to open stream: Is a directory in /Users/simonfroggatt/Sites/totalsafetygroup_stores/system/library/log.php on line 22
2025-03-04 12:52:00 - PHP Warning:  fopen(/Users/simonfroggatt/Sites/totalsafetygroup_stores/system/storage/logs/): Failed to open stream: Is a directory in /Users/simonfroggatt/Sites/totalsafetygroup_stores/system/library/log.php on line 22
2025-03-04 12:52:02 - PHP Warning:  fopen(/Users/simonfroggatt/Sites/totalsafetygroup_stores/system/storage/logs/): Failed to open stream: Is a directory in /Users/simonfroggatt/Sites/totalsafetygroup_stores/system/library/log.php on line 22
2025-03-04 12:52:03 - PHP Warning:  fopen(/Users/simonfroggatt/Sites/totalsafetygroup_stores/system/storage/logs/): Failed to open stream: Is a directory in /Users/simonfroggatt/Sites/totalsafetygroup_stores/system/library/log.php on line 22
2025-03-04 12:52:03 - PHP Warning:  fopen(/Users/simonfroggatt/Sites/totalsafetygroup_stores/system/storage/logs/): Failed to open stream: Is a directory in /Users/simonfroggatt/Sites/totalsafetygroup_stores/system/library/log.php on line 22
2025-03-04 12:52:03 - PHP Warning:  fopen(/Users/simonfroggatt/Sites/totalsafetygroup_stores/system/storage/logs/): Failed to open stream: Is a directory in /Users/simonfroggatt/Sites/totalsafetygroup_stores/system/library/log.php on line 22
2025-03-04 12:52:04 - PHP Warning:  fopen(/Users/simonfroggatt/Sites/totalsafetygroup_stores/system/storage/logs/): Failed to open stream: Is a directory in /Users/simonfroggatt/Sites/totalsafetygroup_stores/system/library/log.php on line 22
2025-03-04 12:52:04 - PHP Warning:  fopen(/Users/simonfroggatt/Sites/totalsafetygroup_stores/system/storage/logs/): Failed to open stream: Is a directory in /Users/simonfroggatt/Sites/totalsafetygroup_stores/system/library/log.php on line 22
2025-03-04 12:52:04 - PHP Warning:  fopen(/Users/simonfroggatt/Sites/totalsafetygroup_stores/system/storage/logs/): Failed to open stream: Is a directory in /Users/simonfroggatt/Sites/totalsafetygroup_stores/system/library/log.php on line 22
2025-03-04 12:52:04 - PHP Warning:  fopen(/Users/simonfroggatt/Sites/totalsafetygroup_stores/system/storage/logs/): Failed to open stream: Is a directory in /Users/simonfroggatt/Sites/totalsafetygroup_stores/system/library/log.php on line 22
2025-03-04 12:52:14 - PHP Warning:  fopen(/Users/simonfroggatt/Sites/totalsafetygroup_stores/system/storage/logs/): Failed to open stream: Is a directory in /Users/simonfroggatt/Sites/totalsafetygroup_stores/system/library/log.php on line 22
2025-03-04 12:52:16 - PHP Warning:  fopen(/Users/simonfroggatt/Sites/totalsafetygroup_stores/system/storage/logs/): Failed to open stream: Is a directory in /Users/simonfroggatt/Sites/totalsafetygroup_stores/system/library/log.php on line 22
2025-03-04 12:52:17 - PHP Warning:  fopen(/Users/simonfroggatt/Sites/totalsafetygroup_stores/system/storage/logs/): Failed to open stream: Is a directory in /Users/simonfroggatt/Sites/totalsafetygroup_stores/system/library/log.php on line 22
2025-03-04 12:52:17 - PHP Warning:  fopen(/Users/simonfroggatt/Sites/totalsafetygroup_stores/system/storage/logs/): Failed to open stream: Is a directory in /Users/simonfroggatt/Sites/totalsafetygroup_stores/system/library/log.php on line 22
2025-03-04 12:52:18 - PHP Warning:  fopen(/Users/simonfroggatt/Sites/totalsafetygroup_stores/system/storage/logs/): Failed to open stream: Is a directory in /Users/simonfroggatt/Sites/totalsafetygroup_stores/system/library/log.php on line 22
2025-03-04 13:24:28 - PHP Warning:  fopen(/Users/simonfroggatt/Sites/totalsafetygroup_stores/system/storage/logs/): Failed to open stream: Is a directory in /Users/simonfroggatt/Sites/totalsafetygroup_stores/system/library/log.php on line 22
2025-03-04 13:28:12 - PHP Warning:  mysqli::query(): (42S02/1146): Table 'totalsafetygroup_oc.oc_setting' doesn't exist in /Users/simonfroggatt/Sites/totalsafetygroup_stores/system/library/db/mysqli.php on line 25
2025-03-04 13:54:58 - PHP Unknown:  strtolower(): Passing null to parameter #1 ($string) of type string is deprecated in /Users/simonfroggatt/Sites/totalsafetygroup_stores/admin/controller/extension/dashboard/map.php on line 102
2025-03-04 13:55:13 - PHP Unknown:  strtolower(): Passing null to parameter #1 ($string) of type string is deprecated in /Users/simonfroggatt/Sites/totalsafetygroup_stores/admin/controller/extension/dashboard/map.php on line 102
2025-03-04 13:55:40 - PHP Unknown:  strtolower(): Passing null to parameter #1 ($string) of type string is deprecated in /Users/simonfroggatt/Sites/totalsafetygroup_stores/admin/controller/extension/dashboard/map.php on line 102
2025-03-04 13:55:52 - PHP Unknown:  strtolower(): Passing null to parameter #1 ($string) of type string is deprecated in /Users/simonfroggatt/Sites/totalsafetygroup_stores/admin/controller/extension/dashboard/map.php on line 102
2025-03-04 13:56:19 - PHP Unknown:  strtolower(): Passing null to parameter #1 ($string) of type string is deprecated in /Users/simonfroggatt/Sites/totalsafetygroup_stores/admin/controller/extension/dashboard/map.php on line 102
2025-03-04 13:58:00 - PHP Warning:  mysqli::query(): (42000/1064): You have an error in your SQL syntax; check the manual that corresponds to your MariaDB server version for the right syntax to use near 'oc_, cart.is_bespoke = '0'' at line 1 in /Users/simonfroggatt/Sites/totalsafetygroup_stores/system/library/db/mysqli.php on line 25
2025-03-04 13:58:25 - PHP Warning:  mysqli::query(): (42000/1064): You have an error in your SQL syntax; check the manual that corresponds to your MariaDB server version for the right syntax to use near 'oc_, cart.is_bespoke = '0'' at line 1 in /Users/simonfroggatt/Sites/totalsafetygroup_stores/system/library/db/mysqli.php on line 25
2025-03-04 14:00:55 - PHP Warning:  mysqli::query(): (42000/1064): You have an error in your SQL syntax; check the manual that corresponds to your MariaDB server version for the right syntax to use near 'oc_, cart.is_bespoke = '0'' at line 1 in /Users/simonfroggatt/Sites/totalsafetygroup_stores/system/library/db/mysqli.php on line 25
2025-03-04 14:01:04 - PHP Warning:  mysqli::query(): (42000/1064): You have an error in your SQL syntax; check the manual that corresponds to your MariaDB server version for the right syntax to use near 'oc_cart.is_bespoke = '0'' at line 1 in /Users/simonfroggatt/Sites/totalsafetygroup_stores/system/library/db/mysqli.php on line 25
2025-03-04 14:02:46 - Order Data: Array
(
    [totals] => Array
        (
            [0] => Array
                (
                    [code] => sub_total
                    [title] => Sub-Total
                    [value] => 4.69
                    [sort_order] => 1
                )

            [1] => Array
                (
                    [code] => shipping
                    [title] => Standard Shipping
                    [value] => 3.95
                    [sort_order] => 3
                )

            [2] => Array
                (
                    [code] => tax
                    [title] => VAT (20%)
                    [value] => 1.728
                    [sort_order] => 5
                )

            [3] => Array
                (
                    [code] => total
                    [title] => Total
                    [value] => 10.368
                    [sort_order] => 9
                )

        )

    [store_id] => 1
    [store_name] => Safety Signs and Notices
    [invoice_prefix] => SSAN
    [store_url] => http://safetysigns/
    [customer_id] => 0
    [customer_group_id] => 1
    [firstname] => Simon
    [lastname] => Froggatt
    [fullname] => Simon Froggatt
    [company] => 
    [email] => simonfroggatt76@gmail.com
    [telephone] => 0585865172
    [custom_field] => 
    [payment_firstname] => Simon
    [payment_lastname] => Froggatt
    [payment_fullname] => Simon Froggatt
    [payment_telephone] => 0585865172
    [payment_email] => simonfroggatt76@gmail.com
    [payment_company] => 
    [payment_address_1] => 33 Sandbed Lane
    [payment_address_2] => 
    [payment_area] => Derbyshire
    [payment_city] => Belper
    [payment_postcode] => DE56 0SH
    [payment_zone] => 
    [payment_zone_id] => 
    [payment_country] => UK and Northern Ireland
    [payment_country_id] => 826
    [payment_address_format] => 
    [payment_custom_field] => Array
        (
        )

    [payment_method_name] => 
    [payment_code] => 
    [printed] => 0
    [tax_rate] => 86
    [shipping_fullname] => Simon Froggatt
    [shipping_telephone] => 0585865172
    [shipping_email] => simonfroggatt76@gmail.com
    [shipping_firstname] => Simon
    [shipping_lastname] => Froggatt
    [shipping_company] => 
    [shipping_address_1] => 33 Sandbed Lane
    [shipping_address_2] => 
    [shipping_area] => Derbyshire
    [shipping_city] => Belper
    [shipping_postcode] => DE56 0SH
    [shipping_zone] => 
    [shipping_zone_id] => 
    [shipping_country] => UK and Northern Ireland
    [shipping_country_id] => 826
    [shipping_address_format] => 
    [shipping_custom_field] => Array
        (
        )

    [shipping_method] => Standard Shipping
    [shipping_code] => STD
    [products] => Array
        (
            [0] => Array
                (
                    [product_id] => 41529
                    [name] => No Idling Turn Your Engine Off Sign
                    [model] => 
                    [option] => Array
                        (
                        )

                    [download] => Array
                        (
                        )

                    [quantity] => 1
                    [subtract] => 0
                    [price] => 4.69
                    [total] => 4.69
                    [tax] => 0.938
                    [reward] => 0
                    [size_name] => 300mm X 400mm
                    [orientation_name] => Portrait
                    [material_name] => Self Adhesive Vinyl Sticker
                    [tsg_options] => Array
                        (
                        )

                    [product_variant_id] => 19355
                    [single_unit_price] => 4.69
                    [size_width] => 300
                    [size_height] => 400
                    [is_bespoke] => 0
                    [svg_raw] => 
                    [svg_json] => 
                    [svg_export] => 
                    [svg_images] => 
                    [svg_texts] => 
                    [bespoke_version] => 2
                )

        )

    [vouchers] => Array
        (
        )

    [comment] => 
    [customer_order_ref] => 
    [total] => 10.368
    [affiliate_id] => 0
    [commission] => 0
    [marketing_id] => 0
    [tracking] => 
    [language_id] => 1
    [currency_id] => 1
    [currency_code] => GBP
    [currency_value] => 1.00000000
    [ip] => ::1
    [payment_method_id] => 8
    [order_type_id] => 1
    [payment_status_id] => 6
    [order_status_id] => 1
    [forwarded_ip] => 
    [user_agent] => Mozilla/5.0 (Macintosh; Intel Mac OS X 10_15_7) AppleWebKit/537.36 (KHTML, like Gecko) Chrome/133.0.0.0 Safari/537.36
    [accept_language] => en-GB,en-US;q=0.9,en;q=0.8
)

2025-03-04 14:02:46 - CART CONFIRM: going to call - doAjaxBespokeConvert
2025-03-04 14:02:46 - send_async_request
2025-03-04 14:02:46 - send_async_request: original url=http://127.0.0.1:8000/bespoke/api/convert-order/97119
2025-03-04 14:02:46 - send_async_request: response - []
2025-03-04 14:02:46 - send_async_request: HTTP code - 200
2025-03-04 14:22:31 - Order Data: Array
(
    [totals] => Array
        (
            [0] => Array
                (
                    [code] => sub_total
                    [title] => Sub-Total
                    [value] => 4.69
                    [sort_order] => 1
                )

            [1] => Array
                (
                    [code] => shipping
                    [title] => Standard Shipping
                    [value] => 3.95
                    [sort_order] => 3
                )

            [2] => Array
                (
                    [code] => tax
                    [title] => VAT (20%)
                    [value] => 1.728
                    [sort_order] => 5
                )

            [3] => Array
                (
                    [code] => total
                    [title] => Total
                    [value] => 10.368
                    [sort_order] => 9
                )

        )

    [store_id] => 1
    [store_name] => Safety Signs and Notices
    [invoice_prefix] => SSAN
    [store_url] => http://safetysigns/
    [customer_id] => 0
    [customer_group_id] => 1
    [firstname] => Simon
    [lastname] => Froggatt
    [fullname] => Simon Froggatt
    [company] => 
    [email] => simonfroggatt76@gmail.com
    [telephone] => 0585865172
    [custom_field] => 
    [payment_firstname] => Simon
    [payment_lastname] => Froggatt
    [payment_fullname] => Simon Froggatt
    [payment_telephone] => 0585865172
    [payment_email] => simonfroggatt76@gmail.com
    [payment_company] => 
    [payment_address_1] => 33 Sandbed Lane
    [payment_address_2] => 
    [payment_area] => Derbyshire
    [payment_city] => Belper
    [payment_postcode] => DE56 0SH
    [payment_zone] => 
    [payment_zone_id] => 
    [payment_country] => UK and Northern Ireland
    [payment_country_id] => 826
    [payment_address_format] => 
    [payment_custom_field] => Array
        (
        )

    [payment_method_name] => 
    [payment_code] => 
    [printed] => 0
    [tax_rate] => 86
    [shipping_fullname] => Simon Froggatt
    [shipping_telephone] => 0585865172
    [shipping_email] => simonfroggatt76@gmail.com
    [shipping_firstname] => Simon
    [shipping_lastname] => Froggatt
    [shipping_company] => 
    [shipping_address_1] => 33 Sandbed Lane
    [shipping_address_2] => 
    [shipping_area] => Derbyshire
    [shipping_city] => Belper
    [shipping_postcode] => DE56 0SH
    [shipping_zone] => 
    [shipping_zone_id] => 
    [shipping_country] => UK and Northern Ireland
    [shipping_country_id] => 826
    [shipping_address_format] => 
    [shipping_custom_field] => Array
        (
        )

    [shipping_method] => Standard Shipping
    [shipping_code] => STD
    [products] => Array
        (
            [0] => Array
                (
                    [product_id] => 41529
                    [name] => No Idling Turn Your Engine Off Sign
                    [model] => 
                    [option] => Array
                        (
                        )

                    [download] => Array
                        (
                        )

                    [quantity] => 1
                    [subtract] => 0
                    [price] => 4.69
                    [total] => 4.69
                    [tax] => 0.938
                    [reward] => 0
                    [size_name] => 300mm X 400mm
                    [orientation_name] => Portrait
                    [material_name] => Self Adhesive Vinyl Sticker
                    [tsg_options] => Array
                        (
                        )

                    [product_variant_id] => 19355
                    [single_unit_price] => 4.69
                    [size_width] => 300
                    [size_height] => 400
                    [is_bespoke] => 0
                    [svg_raw] => 
                    [svg_json] => 
                    [svg_export] => 
                    [svg_images] => 
                    [svg_texts] => 
                    [bespoke_version] => 2
                )

        )

    [vouchers] => Array
        (
        )

    [comment] => 
    [customer_order_ref] => 
    [total] => 10.368
    [affiliate_id] => 0
    [commission] => 0
    [marketing_id] => 0
    [tracking] => 
    [language_id] => 1
    [currency_id] => 1
    [currency_code] => GBP
    [currency_value] => 1.00000000
    [ip] => ::1
    [payment_method_id] => 8
    [order_type_id] => 1
    [payment_status_id] => 6
    [order_status_id] => 1
    [forwarded_ip] => 
    [user_agent] => Mozilla/5.0 (Macintosh; Intel Mac OS X 10_15_7) AppleWebKit/537.36 (KHTML, like Gecko) Chrome/133.0.0.0 Safari/537.36
    [accept_language] => en-GB,en-US;q=0.9,en;q=0.8
)

2025-03-04 14:22:31 - CART CONFIRM: going to call - doAjaxBespokeConvert
2025-03-04 14:22:31 - send_async_request
2025-03-04 14:22:31 - send_async_request: original url=http://127.0.0.1:8000/bespoke/api/convert-order/97120
2025-03-04 14:22:31 - send_async_request: response - []
2025-03-04 14:22:31 - send_async_request: HTTP code - 200
2025-03-04 14:22:49 - Order Data: Array
(
    [totals] => Array
        (
            [0] => Array
                (
                    [code] => sub_total
                    [title] => Sub-Total
                    [value] => 4.69
                    [sort_order] => 1
                )

            [1] => Array
                (
                    [code] => shipping
                    [title] => Standard Shipping
                    [value] => 3.95
                    [sort_order] => 3
                )

            [2] => Array
                (
                    [code] => tax
                    [title] => VAT (20%)
                    [value] => 1.728
                    [sort_order] => 5
                )

            [3] => Array
                (
                    [code] => total
                    [title] => Total
                    [value] => 10.368
                    [sort_order] => 9
                )

        )

    [store_id] => 1
    [store_name] => Safety Signs and Notices
    [invoice_prefix] => SSAN
    [store_url] => http://safetysigns/
    [customer_id] => 0
    [customer_group_id] => 1
    [firstname] => Simon
    [lastname] => Froggatt
    [fullname] => Simon Froggatt
    [company] => 
    [email] => simonfroggatt76@gmail.com
    [telephone] => 0585865172
    [custom_field] => 
    [payment_firstname] => Simon
    [payment_lastname] => Froggatt
    [payment_fullname] => Simon Froggatt
    [payment_telephone] => 0585865172
    [payment_email] => simonfroggatt76@gmail.com
    [payment_company] => 
    [payment_address_1] => 33 Sandbed Lane
    [payment_address_2] => 
    [payment_area] => Derbyshire
    [payment_city] => Belper
    [payment_postcode] => DE56 0SH
    [payment_zone] => 
    [payment_zone_id] => 
    [payment_country] => UK and Northern Ireland
    [payment_country_id] => 826
    [payment_address_format] => 
    [payment_custom_field] => Array
        (
        )

    [payment_method_name] => 
    [payment_code] => 
    [printed] => 0
    [tax_rate] => 86
    [shipping_fullname] => Simon Froggatt
    [shipping_telephone] => 0585865172
    [shipping_email] => simonfroggatt76@gmail.com
    [shipping_firstname] => Simon
    [shipping_lastname] => Froggatt
    [shipping_company] => 
    [shipping_address_1] => 33 Sandbed Lane
    [shipping_address_2] => 
    [shipping_area] => Derbyshire
    [shipping_city] => Belper
    [shipping_postcode] => DE56 0SH
    [shipping_zone] => 
    [shipping_zone_id] => 
    [shipping_country] => UK and Northern Ireland
    [shipping_country_id] => 826
    [shipping_address_format] => 
    [shipping_custom_field] => Array
        (
        )

    [shipping_method] => Standard Shipping
    [shipping_code] => STD
    [products] => Array
        (
            [0] => Array
                (
                    [product_id] => 41529
                    [name] => No Idling Turn Your Engine Off Sign
                    [model] => 
                    [option] => Array
                        (
                        )

                    [download] => Array
                        (
                        )

                    [quantity] => 1
                    [subtract] => 0
                    [price] => 4.69
                    [total] => 4.69
                    [tax] => 0.938
                    [reward] => 0
                    [size_name] => 300mm X 400mm
                    [orientation_name] => Portrait
                    [material_name] => Self Adhesive Vinyl Sticker
                    [tsg_options] => Array
                        (
                        )

                    [product_variant_id] => 19355
                    [single_unit_price] => 4.69
                    [size_width] => 300
                    [size_height] => 400
                    [is_bespoke] => 0
                    [svg_raw] => 
                    [svg_json] => 
                    [svg_export] => 
                    [svg_images] => 
                    [svg_texts] => 
                    [bespoke_version] => 2
                )

        )

    [vouchers] => Array
        (
        )

    [comment] => 
    [customer_order_ref] => 
    [total] => 10.368
    [affiliate_id] => 0
    [commission] => 0
    [marketing_id] => 0
    [tracking] => 
    [language_id] => 1
    [currency_id] => 1
    [currency_code] => GBP
    [currency_value] => 1.00000000
    [ip] => ::1
    [payment_method_id] => 8
    [order_type_id] => 1
    [payment_status_id] => 6
    [order_status_id] => 1
    [forwarded_ip] => 
    [user_agent] => Mozilla/5.0 (Macintosh; Intel Mac OS X 10_15_7) AppleWebKit/537.36 (KHTML, like Gecko) Chrome/133.0.0.0 Safari/537.36
    [accept_language] => en-GB,en-US;q=0.9,en;q=0.8
)

2025-03-04 14:22:49 - CART CONFIRM: going to call - doAjaxBespokeConvert
2025-03-04 14:22:49 - send_async_request
2025-03-04 14:22:49 - send_async_request: original url=http://127.0.0.1:8000/bespoke/api/convert-order/97121
2025-03-04 14:22:49 - send_async_request: response - []
2025-03-04 14:22:49 - send_async_request: HTTP code - 200
2025-03-04 14:25:28 - Order Data: Array
(
    [totals] => Array
        (
            [0] => Array
                (
                    [code] => sub_total
                    [title] => Sub-Total
                    [value] => 4.69
                    [sort_order] => 1
                )

            [1] => Array
                (
                    [code] => shipping
                    [title] => Standard Shipping
                    [value] => 3.95
                    [sort_order] => 3
                )

            [2] => Array
                (
                    [code] => tax
                    [title] => VAT (20%)
                    [value] => 1.728
                    [sort_order] => 5
                )

            [3] => Array
                (
                    [code] => total
                    [title] => Total
                    [value] => 10.368
                    [sort_order] => 9
                )

        )

    [store_id] => 1
    [store_name] => Safety Signs and Notices
    [invoice_prefix] => SSAN
    [store_url] => http://safetysigns/
    [customer_id] => 0
    [customer_group_id] => 1
    [firstname] => Simon
    [lastname] => Froggatt
    [fullname] => Simon Froggatt
    [company] => 
    [email] => simonfroggatt76@gmail.com
    [telephone] => 0585865172
    [custom_field] => 
    [payment_firstname] => Simon
    [payment_lastname] => Froggatt
    [payment_fullname] => Simon Froggatt
    [payment_telephone] => 0585865172
    [payment_email] => simonfroggatt76@gmail.com
    [payment_company] => 
    [payment_address_1] => 33 Sandbed Lane
    [payment_address_2] => 
    [payment_area] => Derbyshire
    [payment_city] => Belper
    [payment_postcode] => DE56 0SH
    [payment_zone] => 
    [payment_zone_id] => 
    [payment_country] => UK and Northern Ireland
    [payment_country_id] => 826
    [payment_address_format] => 
    [payment_custom_field] => Array
        (
        )

    [payment_method_name] => 
    [payment_code] => 
    [printed] => 0
    [tax_rate] => 86
    [shipping_fullname] => Simon Froggatt
    [shipping_telephone] => 0585865172
    [shipping_email] => simonfroggatt76@gmail.com
    [shipping_firstname] => Simon
    [shipping_lastname] => Froggatt
    [shipping_company] => 
    [shipping_address_1] => 33 Sandbed Lane
    [shipping_address_2] => 
    [shipping_area] => Derbyshire
    [shipping_city] => Belper
    [shipping_postcode] => DE56 0SH
    [shipping_zone] => 
    [shipping_zone_id] => 
    [shipping_country] => UK and Northern Ireland
    [shipping_country_id] => 826
    [shipping_address_format] => 
    [shipping_custom_field] => Array
        (
        )

    [shipping_method] => Standard Shipping
    [shipping_code] => STD
    [products] => Array
        (
            [0] => Array
                (
                    [product_id] => 41529
                    [name] => No Idling Turn Your Engine Off Sign
                    [model] => 
                    [option] => Array
                        (
                        )

                    [download] => Array
                        (
                        )

                    [quantity] => 1
                    [subtract] => 0
                    [price] => 4.69
                    [total] => 4.69
                    [tax] => 0.938
                    [reward] => 0
                    [size_name] => 300mm X 400mm
                    [orientation_name] => Portrait
                    [material_name] => Self Adhesive Vinyl Sticker
                    [tsg_options] => Array
                        (
                        )

                    [product_variant_id] => 19355
                    [single_unit_price] => 4.69
                    [size_width] => 300
                    [size_height] => 400
                    [is_bespoke] => 0
                    [svg_raw] => 
                    [svg_json] => 
                    [svg_export] => 
                    [svg_images] => 
                    [svg_texts] => 
                    [bespoke_version] => 2
                )

        )

    [vouchers] => Array
        (
        )

    [comment] => 
    [customer_order_ref] => 
    [total] => 10.368
    [affiliate_id] => 0
    [commission] => 0
    [marketing_id] => 0
    [tracking] => 
    [language_id] => 1
    [currency_id] => 1
    [currency_code] => GBP
    [currency_value] => 1.00000000
    [ip] => ::1
    [payment_method_id] => 8
    [order_type_id] => 1
    [payment_status_id] => 6
    [order_status_id] => 1
    [forwarded_ip] => 
    [user_agent] => Mozilla/5.0 (Macintosh; Intel Mac OS X 10_15_7) AppleWebKit/537.36 (KHTML, like Gecko) Chrome/133.0.0.0 Safari/537.36
    [accept_language] => en-GB,en-US;q=0.9,en;q=0.8
)

2025-03-04 14:25:28 - CART CONFIRM: going to call - doAjaxBespokeConvert
2025-03-04 14:25:28 - send_async_request
2025-03-04 14:25:28 - send_async_request: original url=http://127.0.0.1:8000/bespoke/api/convert-order/97122
2025-03-04 14:25:28 - send_async_request: response - []
2025-03-04 14:25:28 - send_async_request: HTTP code - 200
2025-03-04 17:05:08 - Order Data: Array
(
    [totals] => Array
        (
            [0] => Array
                (
                    [code] => sub_total
                    [title] => Sub-Total
                    [value] => 4.69
                    [sort_order] => 1
                )

            [1] => Array
                (
                    [code] => shipping
                    [title] => Standard Shipping
                    [value] => 3.95
                    [sort_order] => 3
                )

            [2] => Array
                (
                    [code] => tax
                    [title] => VAT (20%)
                    [value] => 1.728
                    [sort_order] => 5
                )

            [3] => Array
                (
                    [code] => total
                    [title] => Total
                    [value] => 10.368
                    [sort_order] => 9
                )

        )

    [store_id] => 1
    [store_name] => Safety Signs and Notices
    [invoice_prefix] => SSAN
    [store_url] => http://safetysigns/
    [customer_id] => 0
    [customer_group_id] => 1
    [firstname] => Simon
    [lastname] => Froggatt
    [fullname] => Simon Froggatt
    [company] => 
    [email] => simonfroggatt76@gmail.com
    [telephone] => 07766756254
    [custom_field] => 
    [payment_firstname] => Simon
    [payment_lastname] => Froggatt
    [payment_fullname] => Simon Froggatt
    [payment_telephone] => 07766756254
    [payment_email] => simonfroggatt76@gmail.com
    [payment_company] => 
    [payment_address_1] => 33 Sandbed Lawns
    [payment_address_2] => 
    [payment_area] => West Yorkshire
    [payment_city] => Leeds
    [payment_postcode] => LS15 8LQ
    [payment_zone] => 
    [payment_zone_id] => 
    [payment_country] => UK and Northern Ireland
    [payment_country_id] => 826
    [payment_address_format] => 
    [payment_custom_field] => Array
        (
        )

    [payment_method_name] => 
    [payment_code] => 
    [printed] => 0
    [tax_rate] => 86
    [shipping_fullname] => Simon Froggatt
    [shipping_telephone] => 07766756254
    [shipping_email] => simonfroggatt76@gmail.com
    [shipping_firstname] => Simon
    [shipping_lastname] => Froggatt
    [shipping_company] => 
    [shipping_address_1] => 33 Sandbed Lawns
    [shipping_address_2] => 
    [shipping_area] => West Yorkshire
    [shipping_city] => Leeds
    [shipping_postcode] => LS15 8LQ
    [shipping_zone] => 
    [shipping_zone_id] => 
    [shipping_country] => UK and Northern Ireland
    [shipping_country_id] => 826
    [shipping_address_format] => 
    [shipping_custom_field] => Array
        (
        )

    [shipping_method] => Standard Shipping
    [shipping_code] => STD
    [products] => Array
        (
            [0] => Array
                (
                    [product_id] => 41529
                    [name] => No Idling Turn Your Engine Off Sign
                    [model] => 
                    [option] => Array
                        (
                        )

                    [download] => Array
                        (
                        )

                    [quantity] => 1
                    [subtract] => 0
                    [price] => 4.69
                    [total] => 4.69
                    [tax] => 0.938
                    [reward] => 0
                    [size_name] => 300mm X 400mm
                    [orientation_name] => Portrait
                    [material_name] => Self Adhesive Vinyl Sticker
                    [tsg_options] => Array
                        (
                        )

                    [product_variant_id] => 19355
                    [single_unit_price] => 4.69
                    [size_width] => 300
                    [size_height] => 400
                    [is_bespoke] => 0
                    [svg_raw] => 
                    [svg_json] => 
                    [svg_export] => 
                    [svg_images] => 
                    [svg_texts] => 
                    [bespoke_version] => 2
                )

        )

    [vouchers] => Array
        (
        )

    [comment] => 
    [customer_order_ref] => 
    [total] => 10.368
    [affiliate_id] => 0
    [commission] => 0
    [marketing_id] => 0
    [tracking] => 
    [language_id] => 1
    [currency_id] => 1
    [currency_code] => GBP
    [currency_value] => 1.00000000
    [ip] => ::1
    [payment_method_id] => 8
    [order_type_id] => 1
    [payment_status_id] => 6
    [order_status_id] => 1
    [forwarded_ip] => 
    [user_agent] => Mozilla/5.0 (Macintosh; Intel Mac OS X 10_15_7) AppleWebKit/537.36 (KHTML, like Gecko) Chrome/133.0.0.0 Safari/537.36
    [accept_language] => en-GB,en-US;q=0.9,en;q=0.8
)

2025-03-04 17:05:08 - CART CONFIRM: going to call - doAjaxBespokeConvert
2025-03-04 17:05:08 - send_async_request
2025-03-04 17:05:08 - send_async_request: original url=http://127.0.0.1:8000/bespoke/api/convert-order/97123
2025-03-04 17:05:08 - send_async_request: response - 
2025-03-04 17:05:08 - send_async_request: HTTP code - 0
2025-03-04 17:05:39 - Order Data: Array
(
    [totals] => Array
        (
            [0] => Array
                (
                    [code] => sub_total
                    [title] => Sub-Total
                    [value] => 4.69
                    [sort_order] => 1
                )

            [1] => Array
                (
                    [code] => shipping
                    [title] => Standard Shipping
                    [value] => 3.95
                    [sort_order] => 3
                )

            [2] => Array
                (
                    [code] => tax
                    [title] => VAT (20%)
                    [value] => 1.728
                    [sort_order] => 5
                )

            [3] => Array
                (
                    [code] => total
                    [title] => Total
                    [value] => 10.368
                    [sort_order] => 9
                )

        )

    [store_id] => 1
    [store_name] => Safety Signs and Notices
    [invoice_prefix] => SSAN
    [store_url] => http://safetysigns/
    [customer_id] => 0
    [customer_group_id] => 1
    [firstname] => Simon
    [lastname] => Froggatt
    [fullname] => Simon Froggatt
    [company] => 
    [email] => simonfroggatt76@gmail.com
    [telephone] => 07766756254
    [custom_field] => 
    [payment_firstname] => Simon
    [payment_lastname] => Froggatt
    [payment_fullname] => Simon Froggatt
    [payment_telephone] => 07766756254
    [payment_email] => simonfroggatt76@gmail.com
    [payment_company] => 
    [payment_address_1] => 33 Sandbed Lawns
    [payment_address_2] => 
    [payment_area] => West Yorkshire
    [payment_city] => Leeds
    [payment_postcode] => LS15 8LQ
    [payment_zone] => 
    [payment_zone_id] => 
    [payment_country] => UK and Northern Ireland
    [payment_country_id] => 826
    [payment_address_format] => 
    [payment_custom_field] => Array
        (
        )

    [payment_method_name] => 
    [payment_code] => 
    [printed] => 0
    [tax_rate] => 86
    [shipping_fullname] => Simon Froggatt
    [shipping_telephone] => 07766756254
    [shipping_email] => simonfroggatt76@gmail.com
    [shipping_firstname] => Simon
    [shipping_lastname] => Froggatt
    [shipping_company] => 
    [shipping_address_1] => 33 Sandbed Lawns
    [shipping_address_2] => 
    [shipping_area] => West Yorkshire
    [shipping_city] => Leeds
    [shipping_postcode] => LS15 8LQ
    [shipping_zone] => 
    [shipping_zone_id] => 
    [shipping_country] => UK and Northern Ireland
    [shipping_country_id] => 826
    [shipping_address_format] => 
    [shipping_custom_field] => Array
        (
        )

    [shipping_method] => Standard Shipping
    [shipping_code] => STD
    [products] => Array
        (
            [0] => Array
                (
                    [product_id] => 41529
                    [name] => No Idling Turn Your Engine Off Sign
                    [model] => 
                    [option] => Array
                        (
                        )

                    [download] => Array
                        (
                        )

                    [quantity] => 1
                    [subtract] => 0
                    [price] => 4.69
                    [total] => 4.69
                    [tax] => 0.938
                    [reward] => 0
                    [size_name] => 300mm X 400mm
                    [orientation_name] => Portrait
                    [material_name] => Self Adhesive Vinyl Sticker
                    [tsg_options] => Array
                        (
                        )

                    [product_variant_id] => 19355
                    [single_unit_price] => 4.69
                    [size_width] => 300
                    [size_height] => 400
                    [is_bespoke] => 0
                    [svg_raw] => 
                    [svg_json] => 
                    [svg_export] => 
                    [svg_images] => 
                    [svg_texts] => 
                    [bespoke_version] => 2
                )

        )

    [vouchers] => Array
        (
        )

    [comment] => 
    [customer_order_ref] => 
    [total] => 10.368
    [affiliate_id] => 0
    [commission] => 0
    [marketing_id] => 0
    [tracking] => 
    [language_id] => 1
    [currency_id] => 1
    [currency_code] => GBP
    [currency_value] => 1.00000000
    [ip] => ::1
    [payment_method_id] => 8
    [order_type_id] => 1
    [payment_status_id] => 6
    [order_status_id] => 1
    [forwarded_ip] => 
    [user_agent] => Mozilla/5.0 (Macintosh; Intel Mac OS X 10_15_7) AppleWebKit/537.36 (KHTML, like Gecko) Chrome/133.0.0.0 Safari/537.36
    [accept_language] => en-GB,en-US;q=0.9,en;q=0.8
)

2025-03-04 17:05:39 - CART CONFIRM: going to call - doAjaxBespokeConvert
2025-03-04 17:05:39 - send_async_request
2025-03-04 17:05:39 - send_async_request: original url=http://127.0.0.1:8000/bespoke/api/convert-order/97124
2025-03-04 17:05:39 - send_async_request: response - 
2025-03-04 17:05:39 - send_async_request: HTTP code - 0
2025-03-04 17:31:54 - Order Data: Array
(
    [totals] => Array
        (
            [0] => Array
                (
                    [code] => sub_total
                    [title] => Sub-Total
                    [value] => 4.69
                    [sort_order] => 1
                )

            [1] => Array
                (
                    [code] => shipping
                    [title] => Standard Shipping
                    [value] => 3.95
                    [sort_order] => 3
                )

            [2] => Array
                (
                    [code] => tax
                    [title] => VAT (20%)
                    [value] => 1.728
                    [sort_order] => 5
                )

            [3] => Array
                (
                    [code] => total
                    [title] => Total
                    [value] => 10.368
                    [sort_order] => 9
                )

        )

    [store_id] => 1
    [store_name] => Safety Signs and Notices
    [invoice_prefix] => SSAN
    [store_url] => http://safetysigns/
    [customer_id] => 0
    [customer_group_id] => 1
    [firstname] => Simon
    [lastname] => Froggatt
    [fullname] => Simon Froggatt
    [company] => 
    [email] => simonfroggatt76@gmail.com
    [telephone] => 07766756254
    [custom_field] => 
    [payment_firstname] => Simon
    [payment_lastname] => Froggatt
    [payment_fullname] => Simon Froggatt
    [payment_telephone] => 07766756254
    [payment_email] => simonfroggatt76@gmail.com
    [payment_company] => 
    [payment_address_1] => 3 Saeter
Symbister
Whalsay
    [payment_address_2] => 
    [payment_area] => Shetland Islands
    [payment_city] => Shetland
    [payment_postcode] => ZE2 9BQ
    [payment_zone] => 
    [payment_zone_id] => 
    [payment_country] => UK and Northern Ireland
    [payment_country_id] => 826
    [payment_address_format] => 
    [payment_custom_field] => Array
        (
        )

    [payment_method_name] => 
    [payment_code] => 
    [printed] => 0
    [tax_rate] => 86
    [shipping_fullname] => Simon Froggatt
    [shipping_telephone] => 07766756254
    [shipping_email] => simonfroggatt76@gmail.com
    [shipping_firstname] => Simon
    [shipping_lastname] => Froggatt
    [shipping_company] => 
    [shipping_address_1] => 3 Saeter
Symbister
Whalsay
    [shipping_address_2] => 
    [shipping_area] => Shetland Islands
    [shipping_city] => Shetland
    [shipping_postcode] => ZE2 9BQ
    [shipping_zone] => 
    [shipping_zone_id] => 
    [shipping_country] => UK and Northern Ireland
    [shipping_country_id] => 826
    [shipping_address_format] => 
    [shipping_custom_field] => Array
        (
        )

    [shipping_method] => Standard Shipping
    [shipping_code] => STD
    [products] => Array
        (
            [0] => Array
                (
                    [product_id] => 41529
                    [name] => No Idling Turn Your Engine Off Sign
                    [model] => 
                    [option] => Array
                        (
                        )

                    [download] => Array
                        (
                        )

                    [quantity] => 1
                    [subtract] => 0
                    [price] => 4.69
                    [total] => 4.69
                    [tax] => 0.938
                    [reward] => 0
                    [size_name] => 300mm X 400mm
                    [orientation_name] => Portrait
                    [material_name] => Self Adhesive Vinyl Sticker
                    [tsg_options] => Array
                        (
                        )

                    [product_variant_id] => 19355
                    [single_unit_price] => 4.69
                    [size_width] => 300
                    [size_height] => 400
                    [is_bespoke] => 0
                    [svg_raw] => 
                    [svg_json] => 
                    [svg_export] => 
                    [svg_images] => 
                    [svg_texts] => 
                    [bespoke_version] => 2
                )

        )

    [vouchers] => Array
        (
        )

    [comment] => 
    [customer_order_ref] => 
    [total] => 10.368
    [affiliate_id] => 0
    [commission] => 0
    [marketing_id] => 0
    [tracking] => 
    [language_id] => 1
    [currency_id] => 1
    [currency_code] => GBP
    [currency_value] => 1.00000000
    [ip] => ::1
    [payment_method_id] => 8
    [order_type_id] => 1
    [payment_status_id] => 6
    [order_status_id] => 1
    [forwarded_ip] => 
    [user_agent] => Mozilla/5.0 (Macintosh; Intel Mac OS X 10_15_7) AppleWebKit/537.36 (KHTML, like Gecko) Chrome/133.0.0.0 Safari/537.36
    [accept_language] => en-GB,en-US;q=0.9,en;q=0.8
)

2025-03-04 17:31:54 - CART CONFIRM: going to call - doAjaxBespokeConvert
2025-03-04 17:31:54 - send_async_request
2025-03-04 17:31:54 - send_async_request: original url=http://127.0.0.1:8000/bespoke/api/convert-order/97125
2025-03-04 17:31:54 - send_async_request: response - 
2025-03-04 17:31:54 - send_async_request: HTTP code - 0
2025-03-05 9:48:40 - PHP Warning:  Attempt to read property "data" on null in /Users/simonfroggatt/Sites/totalsafetygroup_stores/catalog/controller/tsg/stripe_test.php on line 101
2025-03-05 9:48:40 - PHP Warning:  Trying to access array offset on null in /Users/simonfroggatt/Sites/totalsafetygroup_stores/catalog/controller/tsg/stripe_test.php on line 101
2025-03-05 9:53:22 - PHP Warning:  Attempt to read property "paymentMethods" on null in /Users/simonfroggatt/Sites/totalsafetygroup_stores/catalog/controller/tsg/stripe_test.php on line 96
2025-03-05 14:13:48 - Order Data: Array
(
    [totals] => Array
        (
            [0] => Array
                (
                    [code] => sub_total
                    [title] => Sub-Total
                    [value] => 4.69
                    [sort_order] => 1
                )

            [1] => Array
                (
                    [code] => shipping
                    [title] => Standard Shipping
                    [value] => 3.95
                    [sort_order] => 3
                )

            [2] => Array
                (
                    [code] => tax
                    [title] => VAT (20%)
                    [value] => 1.728
                    [sort_order] => 5
                )

            [3] => Array
                (
                    [code] => total
                    [title] => Total
                    [value] => 10.368
                    [sort_order] => 9
                )

        )

    [store_id] => 1
    [store_name] => Safety Signs and Notices
    [invoice_prefix] => SSAN
    [store_url] => http://safetysigns/
    [customer_id] => 0
    [customer_group_id] => 1
    [firstname] => Simon
    [lastname] => Froggatt
    [fullname] => Simon Froggatt
    [company] => 
    [email] => simonfroggatt76@gmail.com
    [telephone] => 07766756254
    [custom_field] => 
    [payment_firstname] => Simon
    [payment_lastname] => Froggatt
    [payment_fullname] => Simon Froggatt
    [payment_telephone] => 07766756254
    [payment_email] => simonfroggatt76@gmail.com
    [payment_company] => 
    [payment_address_1] => 33 Sandbed Lane
    [payment_address_2] => 
    [payment_area] => Derbyshire
    [payment_city] => Belper
    [payment_postcode] => DE56 0SH
    [payment_zone] => 
    [payment_zone_id] => 
    [payment_country] => UK and Northern Ireland
    [payment_country_id] => 826
    [payment_address_format] => 
    [payment_custom_field] => Array
        (
        )

    [payment_method_name] => 
    [payment_code] => 
    [printed] => 0
    [tax_rate] => 86
    [shipping_fullname] => Simon Froggatt
    [shipping_telephone] => 07766756254
    [shipping_email] => simonfroggatt76@gmail.com
    [shipping_firstname] => Simon
    [shipping_lastname] => Froggatt
    [shipping_company] => 
    [shipping_address_1] => 33 Sandbed Lane
    [shipping_address_2] => 
    [shipping_area] => Derbyshire
    [shipping_city] => Belper
    [shipping_postcode] => DE56 0SH
    [shipping_zone] => 
    [shipping_zone_id] => 
    [shipping_country] => UK and Northern Ireland
    [shipping_country_id] => 826
    [shipping_address_format] => 
    [shipping_custom_field] => Array
        (
        )

    [shipping_method] => Standard Shipping
    [shipping_code] => STD
    [products] => Array
        (
            [0] => Array
                (
                    [product_id] => 41530
                    [name] => No idling switch off engine reduce emissions sign
                    [model] => 
                    [option] => Array
                        (
                        )

                    [download] => Array
                        (
                        )

                    [quantity] => 1
                    [subtract] => 0
                    [price] => 4.69
                    [total] => 4.69
                    [tax] => 0.938
                    [reward] => 0
                    [size_name] => 400mm x 300mm
                    [orientation_name] => Landscape
                    [material_name] => Self Adhesive Vinyl Sticker
                    [tsg_options] => Array
                        (
                        )

                    [product_variant_id] => 19367
                    [single_unit_price] => 4.69
                    [size_width] => 400
                    [size_height] => 300
                    [is_bespoke] => 0
                    [svg_raw] => 
                    [svg_json] => 
                    [svg_export] => 
                    [svg_images] => 
                    [svg_texts] => 
                    [bespoke_version] => 2
                )

        )

    [vouchers] => Array
        (
        )

    [comment] => 
    [customer_order_ref] => 
    [total] => 10.368
    [affiliate_id] => 0
    [commission] => 0
    [marketing_id] => 0
    [tracking] => 
    [language_id] => 1
    [currency_id] => 1
    [currency_code] => GBP
    [currency_value] => 1.00000000
    [ip] => ::1
    [payment_method_id] => 8
    [order_type_id] => 1
    [payment_status_id] => 6
    [order_status_id] => 1
    [forwarded_ip] => 
    [user_agent] => Mozilla/5.0 (Macintosh; Intel Mac OS X 10_15_7) AppleWebKit/537.36 (KHTML, like Gecko) Chrome/133.0.0.0 Safari/537.36
    [accept_language] => en-GB,en-US;q=0.9,en;q=0.8
)

2025-03-05 14:13:48 - CART CONFIRM: going to call - doAjaxBespokeConvert
2025-03-05 14:13:48 - send_async_request
2025-03-05 14:13:48 - send_async_request: original url=http://127.0.0.1:8000/bespoke/api/convert-order/97126
2025-03-05 14:13:48 - send_async_request: response - 
2025-03-05 14:13:48 - send_async_request: HTTP code - 0
2025-03-05 14:14:54 - Order Data: Array
(
    [totals] => Array
        (
            [0] => Array
                (
                    [code] => sub_total
                    [title] => Sub-Total
                    [value] => 4.69
                    [sort_order] => 1
                )

            [1] => Array
                (
                    [code] => shipping
                    [title] => Standard Shipping
                    [value] => 3.95
                    [sort_order] => 3
                )

            [2] => Array
                (
                    [code] => tax
                    [title] => VAT (20%)
                    [value] => 1.728
                    [sort_order] => 5
                )

            [3] => Array
                (
                    [code] => total
                    [title] => Total
                    [value] => 10.368
                    [sort_order] => 9
                )

        )

    [store_id] => 1
    [store_name] => Safety Signs and Notices
    [invoice_prefix] => SSAN
    [store_url] => http://safetysigns/
    [customer_id] => 0
    [customer_group_id] => 1
    [firstname] => Simon
    [lastname] => Froggatt
    [fullname] => Simon Froggatt
    [company] => 
    [email] => simonfroggatt76@gmail.com
    [telephone] => 07766756254
    [custom_field] => 
    [payment_firstname] => Simon
    [payment_lastname] => Froggatt
    [payment_fullname] => Simon Froggatt
    [payment_telephone] => 07766756254
    [payment_email] => simonfroggatt76@gmail.com
    [payment_company] => 
    [payment_address_1] => 33 Sandbed Lane
    [payment_address_2] => 
    [payment_area] => Derbyshire
    [payment_city] => Belper
    [payment_postcode] => DE56 0SH
    [payment_zone] => 
    [payment_zone_id] => 
    [payment_country] => UK and Northern Ireland
    [payment_country_id] => 826
    [payment_address_format] => 
    [payment_custom_field] => Array
        (
        )

    [payment_method_name] => 
    [payment_code] => 
    [printed] => 0
    [tax_rate] => 86
    [shipping_fullname] => Simon Froggatt
    [shipping_telephone] => 07766756254
    [shipping_email] => simonfroggatt76@gmail.com
    [shipping_firstname] => Simon
    [shipping_lastname] => Froggatt
    [shipping_company] => 
    [shipping_address_1] => 33 Sandbed Lane
    [shipping_address_2] => 
    [shipping_area] => Derbyshire
    [shipping_city] => Belper
    [shipping_postcode] => DE56 0SH
    [shipping_zone] => 
    [shipping_zone_id] => 
    [shipping_country] => UK and Northern Ireland
    [shipping_country_id] => 826
    [shipping_address_format] => 
    [shipping_custom_field] => Array
        (
        )

    [shipping_method] => Standard Shipping
    [shipping_code] => STD
    [products] => Array
        (
            [0] => Array
                (
                    [product_id] => 41530
                    [name] => No idling switch off engine reduce emissions sign
                    [model] => 
                    [option] => Array
                        (
                        )

                    [download] => Array
                        (
                        )

                    [quantity] => 1
                    [subtract] => 0
                    [price] => 4.69
                    [total] => 4.69
                    [tax] => 0.938
                    [reward] => 0
                    [size_name] => 400mm x 300mm
                    [orientation_name] => Landscape
                    [material_name] => Self Adhesive Vinyl Sticker
                    [tsg_options] => Array
                        (
                        )

                    [product_variant_id] => 19367
                    [single_unit_price] => 4.69
                    [size_width] => 400
                    [size_height] => 300
                    [is_bespoke] => 0
                    [svg_raw] => 
                    [svg_json] => 
                    [svg_export] => 
                    [svg_images] => 
                    [svg_texts] => 
                    [bespoke_version] => 2
                )

        )

    [vouchers] => Array
        (
        )

    [comment] => 
    [customer_order_ref] => 
    [total] => 10.368
    [affiliate_id] => 0
    [commission] => 0
    [marketing_id] => 0
    [tracking] => 
    [language_id] => 1
    [currency_id] => 1
    [currency_code] => GBP
    [currency_value] => 1.00000000
    [ip] => ::1
    [payment_method_id] => 8
    [order_type_id] => 1
    [payment_status_id] => 6
    [order_status_id] => 1
    [forwarded_ip] => 
    [user_agent] => Mozilla/5.0 (Macintosh; Intel Mac OS X 10_15_7) AppleWebKit/537.36 (KHTML, like Gecko) Chrome/133.0.0.0 Safari/537.36
    [accept_language] => en-GB,en-US;q=0.9,en;q=0.8
)

2025-03-05 14:14:54 - CART CONFIRM: going to call - doAjaxBespokeConvert
2025-03-05 14:14:54 - send_async_request
2025-03-05 14:14:54 - send_async_request: original url=http://127.0.0.1:8000/bespoke/api/convert-order/97127
2025-03-05 14:14:54 - send_async_request: response - 
2025-03-05 14:14:54 - send_async_request: HTTP code - 0
2025-03-05 14:16:46 - Order Data: Array
(
    [totals] => Array
        (
            [0] => Array
                (
                    [code] => sub_total
                    [title] => Sub-Total
                    [value] => 4.69
                    [sort_order] => 1
                )

            [1] => Array
                (
                    [code] => shipping
                    [title] => Standard Shipping
                    [value] => 3.95
                    [sort_order] => 3
                )

            [2] => Array
                (
                    [code] => tax
                    [title] => VAT (20%)
                    [value] => 1.728
                    [sort_order] => 5
                )

            [3] => Array
                (
                    [code] => total
                    [title] => Total
                    [value] => 10.368
                    [sort_order] => 9
                )

        )

    [store_id] => 1
    [store_name] => Safety Signs and Notices
    [invoice_prefix] => SSAN
    [store_url] => http://safetysigns/
    [customer_id] => 0
    [customer_group_id] => 1
    [firstname] => Simon
    [lastname] => Froggatt
    [fullname] => Simon Froggatt
    [company] => 
    [email] => simonfroggatt76@gmail.com
    [telephone] => 07766756254
    [custom_field] => 
    [payment_firstname] => Simon
    [payment_lastname] => Froggatt
    [payment_fullname] => Simon Froggatt
    [payment_telephone] => 07766756254
    [payment_email] => simonfroggatt76@gmail.com
    [payment_company] => 
    [payment_address_1] => 33 Sandbed Lane
    [payment_address_2] => 
    [payment_area] => Derbyshire
    [payment_city] => Belper
    [payment_postcode] => DE56 0SH
    [payment_zone] => 
    [payment_zone_id] => 
    [payment_country] => UK and Northern Ireland
    [payment_country_id] => 826
    [payment_address_format] => 
    [payment_custom_field] => Array
        (
        )

    [payment_method_name] => 
    [payment_code] => 
    [printed] => 0
    [tax_rate] => 86
    [shipping_fullname] => Simon Froggatt
    [shipping_telephone] => 07766756254
    [shipping_email] => simonfroggatt76@gmail.com
    [shipping_firstname] => Simon
    [shipping_lastname] => Froggatt
    [shipping_company] => 
    [shipping_address_1] => 33 Sandbed Lane
    [shipping_address_2] => 
    [shipping_area] => Derbyshire
    [shipping_city] => Belper
    [shipping_postcode] => DE56 0SH
    [shipping_zone] => 
    [shipping_zone_id] => 
    [shipping_country] => UK and Northern Ireland
    [shipping_country_id] => 826
    [shipping_address_format] => 
    [shipping_custom_field] => Array
        (
        )

    [shipping_method] => Standard Shipping
    [shipping_code] => STD
    [products] => Array
        (
            [0] => Array
                (
                    [product_id] => 41530
                    [name] => No idling switch off engine reduce emissions sign
                    [model] => 
                    [option] => Array
                        (
                        )

                    [download] => Array
                        (
                        )

                    [quantity] => 1
                    [subtract] => 0
                    [price] => 4.69
                    [total] => 4.69
                    [tax] => 0.938
                    [reward] => 0
                    [size_name] => 400mm x 300mm
                    [orientation_name] => Landscape
                    [material_name] => Self Adhesive Vinyl Sticker
                    [tsg_options] => Array
                        (
                        )

                    [product_variant_id] => 19367
                    [single_unit_price] => 4.69
                    [size_width] => 400
                    [size_height] => 300
                    [is_bespoke] => 0
                    [svg_raw] => 
                    [svg_json] => 
                    [svg_export] => 
                    [svg_images] => 
                    [svg_texts] => 
                    [bespoke_version] => 2
                )

        )

    [vouchers] => Array
        (
        )

    [comment] => 
    [customer_order_ref] => 
    [total] => 10.368
    [affiliate_id] => 0
    [commission] => 0
    [marketing_id] => 0
    [tracking] => 
    [language_id] => 1
    [currency_id] => 1
    [currency_code] => GBP
    [currency_value] => 1.00000000
    [ip] => ::1
    [payment_method_id] => 8
    [order_type_id] => 1
    [payment_status_id] => 6
    [order_status_id] => 1
    [forwarded_ip] => 
    [user_agent] => Mozilla/5.0 (Macintosh; Intel Mac OS X 10_15_7) AppleWebKit/537.36 (KHTML, like Gecko) Chrome/133.0.0.0 Safari/537.36
    [accept_language] => en-GB,en-US;q=0.9,en;q=0.8
)

2025-03-05 14:16:46 - CART CONFIRM: going to call - doAjaxBespokeConvert
2025-03-05 14:16:46 - send_async_request
2025-03-05 14:16:46 - send_async_request: original url=http://127.0.0.1:8000/bespoke/api/convert-order/97128
2025-03-05 14:16:46 - send_async_request: response - 
2025-03-05 14:16:46 - send_async_request: HTTP code - 0
2025-03-05 14:18:35 - Order Data: Array
(
    [totals] => Array
        (
            [0] => Array
                (
                    [code] => sub_total
                    [title] => Sub-Total
                    [value] => 4.69
                    [sort_order] => 1
                )

            [1] => Array
                (
                    [code] => shipping
                    [title] => Standard Shipping
                    [value] => 3.95
                    [sort_order] => 3
                )

            [2] => Array
                (
                    [code] => tax
                    [title] => VAT (20%)
                    [value] => 1.728
                    [sort_order] => 5
                )

            [3] => Array
                (
                    [code] => total
                    [title] => Total
                    [value] => 10.368
                    [sort_order] => 9
                )

        )

    [store_id] => 1
    [store_name] => Safety Signs and Notices
    [invoice_prefix] => SSAN
    [store_url] => http://safetysigns/
    [customer_id] => 0
    [customer_group_id] => 1
    [firstname] => Simon
    [lastname] => Froggatt
    [fullname] => Simon Froggatt
    [company] => 
    [email] => simonfroggatt76@gmail.com
    [telephone] => 07766756254
    [custom_field] => 
    [payment_firstname] => Simon
    [payment_lastname] => Froggatt
    [payment_fullname] => Simon Froggatt
    [payment_telephone] => 07766756254
    [payment_email] => simonfroggatt76@gmail.com
    [payment_company] => 
    [payment_address_1] => 33 Sandbed Lane
    [payment_address_2] => 
    [payment_area] => Derbyshire
    [payment_city] => Belper
    [payment_postcode] => DE56 0SH
    [payment_zone] => 
    [payment_zone_id] => 
    [payment_country] => UK and Northern Ireland
    [payment_country_id] => 826
    [payment_address_format] => 
    [payment_custom_field] => Array
        (
        )

    [payment_method_name] => 
    [payment_code] => 
    [printed] => 0
    [tax_rate] => 86
    [shipping_fullname] => Simon Froggatt
    [shipping_telephone] => 07766756254
    [shipping_email] => simonfroggatt76@gmail.com
    [shipping_firstname] => Simon
    [shipping_lastname] => Froggatt
    [shipping_company] => 
    [shipping_address_1] => 33 Sandbed Lane
    [shipping_address_2] => 
    [shipping_area] => Derbyshire
    [shipping_city] => Belper
    [shipping_postcode] => DE56 0SH
    [shipping_zone] => 
    [shipping_zone_id] => 
    [shipping_country] => UK and Northern Ireland
    [shipping_country_id] => 826
    [shipping_address_format] => 
    [shipping_custom_field] => Array
        (
        )

    [shipping_method] => Standard Shipping
    [shipping_code] => STD
    [products] => Array
        (
            [0] => Array
                (
                    [product_id] => 41530
                    [name] => No idling switch off engine reduce emissions sign
                    [model] => 
                    [option] => Array
                        (
                        )

                    [download] => Array
                        (
                        )

                    [quantity] => 1
                    [subtract] => 0
                    [price] => 4.69
                    [total] => 4.69
                    [tax] => 0.938
                    [reward] => 0
                    [size_name] => 400mm x 300mm
                    [orientation_name] => Landscape
                    [material_name] => Self Adhesive Vinyl Sticker
                    [tsg_options] => Array
                        (
                        )

                    [product_variant_id] => 19367
                    [single_unit_price] => 4.69
                    [size_width] => 400
                    [size_height] => 300
                    [is_bespoke] => 0
                    [svg_raw] => 
                    [svg_json] => 
                    [svg_export] => 
                    [svg_images] => 
                    [svg_texts] => 
                    [bespoke_version] => 2
                )

        )

    [vouchers] => Array
        (
        )

    [comment] => 
    [customer_order_ref] => 
    [total] => 10.368
    [affiliate_id] => 0
    [commission] => 0
    [marketing_id] => 0
    [tracking] => 
    [language_id] => 1
    [currency_id] => 1
    [currency_code] => GBP
    [currency_value] => 1.00000000
    [ip] => ::1
    [payment_method_id] => 8
    [order_type_id] => 1
    [payment_status_id] => 6
    [order_status_id] => 1
    [forwarded_ip] => 
    [user_agent] => Mozilla/5.0 (Macintosh; Intel Mac OS X 10_15_7) AppleWebKit/537.36 (KHTML, like Gecko) Chrome/133.0.0.0 Safari/537.36
    [accept_language] => en-GB,en-US;q=0.9,en;q=0.8
)

2025-03-05 14:18:35 - CART CONFIRM: going to call - doAjaxBespokeConvert
2025-03-05 14:18:35 - send_async_request
2025-03-05 14:18:35 - send_async_request: original url=http://127.0.0.1:8000/bespoke/api/convert-order/97129
2025-03-05 14:18:35 - send_async_request: response - 
2025-03-05 14:18:35 - send_async_request: HTTP code - 0
2025-03-05 17:48:00 - PHP Warning:  mysqli::query(): (42S02/1146): Table 'totalsafetygroup_oc.oc_tsg_stripe_transactions' doesn't exist in /Users/simonfroggatt/Sites/totalsafetygroup_stores/system/library/db/mysqli.php on line 25
2025-03-05 17:48:00 - Stripe save_transaction error: Error: Table 'totalsafetygroup_oc.oc_tsg_stripe_transactions' doesn't exist<br />Error No: 1146<br />INSERT INTO oc_tsg_stripe_transactions SET 
                order_id = '97117',
                payment_intent_id = 'pi_3QzM2jPJSEWkmEpS26dt3IqH',
                amount = '19.72',
                currency = 'GBP',
                payment_method_type = 'card',
                card_brand = 'visa',
                card_last4 = '4242',
                wallet_type = '',
                customer_email = 'simonfroggatt76@gmail.com',
                created_at = '2025-03-05 17:47:41',
                status = 'succeeded'
2025-03-05 17:48:00 - PHP Warning:  Undefined array key "gbp" in /Users/simonfroggatt/Sites/totalsafetygroup_stores/system/library/cart/currency.php on line 27
2025-03-05 17:48:00 - PHP Warning:  Trying to access array offset on null in /Users/simonfroggatt/Sites/totalsafetygroup_stores/system/library/cart/currency.php on line 27
2025-03-05 17:48:00 - PHP Warning:  Undefined array key "gbp" in /Users/simonfroggatt/Sites/totalsafetygroup_stores/system/library/cart/currency.php on line 28
2025-03-05 17:48:00 - PHP Warning:  Trying to access array offset on null in /Users/simonfroggatt/Sites/totalsafetygroup_stores/system/library/cart/currency.php on line 28
2025-03-05 17:48:00 - PHP Warning:  Undefined array key "gbp" in /Users/simonfroggatt/Sites/totalsafetygroup_stores/system/library/cart/currency.php on line 29
2025-03-05 17:48:00 - PHP Warning:  Trying to access array offset on null in /Users/simonfroggatt/Sites/totalsafetygroup_stores/system/library/cart/currency.php on line 29
2025-03-05 17:48:00 - PHP Warning:  Undefined array key "gbp" in /Users/simonfroggatt/Sites/totalsafetygroup_stores/system/library/cart/currency.php on line 32
2025-03-05 17:48:00 - PHP Warning:  Trying to access array offset on null in /Users/simonfroggatt/Sites/totalsafetygroup_stores/system/library/cart/currency.php on line 32
2025-03-05 17:48:26 - PHP Warning:  mysqli::query(): (23000/1452): Cannot add or update a child row: a foreign key constraint fails (`totalsafetygroup_oc`.`oc_order`, CONSTRAINT `fk_order_order_status` FOREIGN KEY (`order_status_id`) REFERENCES `oc_order_status` (`order_status_id`) ON DELETE SET NULL ON UPDATE CASCADE) in /Users/simonfroggatt/Sites/totalsafetygroup_stores/system/library/db/mysqli.php on line 25
2025-03-06 3:43:44 - Stripe Error:
2025-03-06 3:43:44 - Type: payment_failed
2025-03-06 3:43:44 - Message: You must provide a `return_url` when confirming a PaymentIntent with the payment method type paypal.
2025-03-06 3:43:44 - Code: unknown
2025-03-06 3:43:44 - Order ID: TST20250306034316347
2025-03-06 3:43:44 - Payment Intent ID: pi_3QzVL6PJSEWkmEpS03Wjxsa2
2025-03-06 3:43:56 - Stripe Error:
2025-03-06 3:43:56 - Type: payment_failed
2025-03-06 3:43:56 - Message: Your card number is incomplete.
2025-03-06 3:43:56 - Code: incomplete_number
2025-03-06 3:43:56 - Order ID: TST20250306034349199
2025-03-06 3:43:56 - Payment Intent ID: pi_3QzVLePJSEWkmEpS01btEz1V
2025-03-06 4:01:18 - Stripe Error:
2025-03-06 4:01:18 - Type: payment_failed
2025-03-06 4:01:18 - Message: You must provide a `return_url` when confirming a PaymentIntent with the payment method type paypal.
2025-03-06 4:01:18 - Code: unknown
2025-03-06 4:01:18 - Order ID: 97117-97117
2025-03-06 4:01:18 - Payment Intent ID: pi_3QzVcLPJSEWkmEpS24aFGMWr
2025-03-06 4:09:05 - Stripe Error:
2025-03-06 4:09:05 - Type: payment_failed
2025-03-06 4:09:05 - Message: A processing error occurred.
2025-03-06 4:09:05 - Code: payment_intent_unexpected_state
2025-03-06 4:09:05 - Order ID: TST20250306040830142
2025-03-06 4:09:05 - Payment Intent ID: pi_3QzVjWPJSEWkmEpS0v4etvem
2025-03-06 4:18:06 - Stripe Error:
2025-03-06 4:18:06 - Type: payment_failed
2025-03-06 4:18:06 - Message: A processing error occurred.
2025-03-06 4:18:06 - Code: payment_intent_unexpected_state
2025-03-06 4:18:06 - Order ID: TST20250306041428621
2025-03-06 4:18:06 - Payment Intent ID: pi_3QzVpIPJSEWkmEpS0Ey2FQ8P
2025-03-06 4:22:52 - Stripe Error:
2025-03-06 4:22:52 - Type: payment_failed
2025-03-06 4:22:52 - Message: Your postal code is invalid.
2025-03-06 4:22:52 - Code: invalid_postal_code
2025-03-06 4:22:52 - Order ID: TST20250306042232698
2025-03-06 4:22:52 - Payment Intent ID: pi_3QzVx7PJSEWkmEpS2L4nZdhh
2025-03-06 4:23:37 - Stripe Error:
2025-03-06 4:23:37 - Type: payment_failed
2025-03-06 4:23:37 - Message: Your card has insufficient funds. Try a different card.
2025-03-06 4:23:37 - Code: card_declined
2025-03-06 4:23:37 - Order ID: TST20250306042312638
2025-03-06 4:23:37 - Payment Intent ID: pi_3QzVxlPJSEWkmEpS0j5dxboI
2025-03-06 4:23:37 - Payment Method: {"id":"pm_1QzVy8PJSEWkmEpSwK3ca6PN","object":"payment_method","allow_redisplay":"unspecified","billing_details":{"address":{"city":null,"country":"GB","line1":null,"line2":null,"postal_code":"DE56 0SH","state":null},"email":null,"name":null,"phone":null},"card":{"brand":"visa","checks":{"address_line1_check":null,"address_postal_code_check":null,"cvc_check":null},"country":"US","display_brand":"visa","exp_month":12,"exp_year":2034,"funding":"credit","generated_from":null,"last4":"9995","networks":{"available":["visa"],"preferred":null},"regulated_status":"unregulated","three_d_secure_usage":{"supported":true},"wallet":null},"created":1741235016,"customer":null,"livemode":false,"type":"card"}
2025-03-06 4:24:43 - Stripe Error:
2025-03-06 4:24:43 - Type: payment_failed
2025-03-06 4:24:43 - Message: Your card has insufficient funds. Try a different card.
2025-03-06 4:24:43 - Code: insufficient_funds
2025-03-06 4:24:43 - Order ID: TST20250306042312638
2025-03-06 4:24:43 - Payment Intent ID: pi_3QzVxlPJSEWkmEpS0j5dxboI
2025-03-06 4:47:24 - Stripe Error:
2025-03-06 4:47:24 - Type: payment_started
2025-03-06 4:47:24 - PHP Warning:  Undefined array key "error_message" in /Users/simonfroggatt/Sites/totalsafetygroup_stores/catalog/model/extension/payment/tsg_stripe.php on line 107
2025-03-06 4:47:24 - Message: 
2025-03-06 4:47:24 - PHP Warning:  Undefined array key "error_code" in /Users/simonfroggatt/Sites/totalsafetygroup_stores/catalog/model/extension/payment/tsg_stripe.php on line 108
2025-03-06 4:47:24 - Code: 
2025-03-06 4:47:24 - Order ID: TST20250306044547117
2025-03-06 4:47:24 - Payment Intent ID: pi_3QzWJbPJSEWkmEpS2av9YLmz
2025-03-06 4:47:24 - PHP Warning:  Undefined array key "payment_method" in /Users/simonfroggatt/Sites/totalsafetygroup_stores/catalog/model/extension/payment/tsg_stripe.php on line 112
2025-03-06 4:52:20 - Stripe Error:
2025-03-06 4:52:20 - Type: payment_started
2025-03-06 4:52:20 - PHP Warning:  Undefined array key "error_message" in /Users/simonfroggatt/Sites/totalsafetygroup_stores/catalog/model/extension/payment/tsg_stripe.php on line 107
2025-03-06 4:52:20 - Message: 
2025-03-06 4:52:20 - PHP Warning:  Undefined array key "error_code" in /Users/simonfroggatt/Sites/totalsafetygroup_stores/catalog/model/extension/payment/tsg_stripe.php on line 108
2025-03-06 4:52:20 - Code: 
2025-03-06 4:52:20 - Order ID: TST20250306044547117
2025-03-06 4:52:20 - Payment Intent ID: pi_3QzWJbPJSEWkmEpS2av9YLmz
2025-03-06 4:52:20 - PHP Warning:  Undefined array key "payment_method" in /Users/simonfroggatt/Sites/totalsafetygroup_stores/catalog/model/extension/payment/tsg_stripe.php on line 112
2025-03-06 4:53:06 - Stripe Error:
2025-03-06 4:53:06 - Type: payment_started
2025-03-06 4:53:06 - PHP Warning:  Undefined array key "error_message" in /Users/simonfroggatt/Sites/totalsafetygroup_stores/catalog/model/extension/payment/tsg_stripe.php on line 107
2025-03-06 4:53:06 - Message: 
2025-03-06 4:53:06 - PHP Warning:  Undefined array key "error_code" in /Users/simonfroggatt/Sites/totalsafetygroup_stores/catalog/model/extension/payment/tsg_stripe.php on line 108
2025-03-06 4:53:06 - Code: 
2025-03-06 4:53:06 - Order ID: TST20250306045255211
2025-03-06 4:53:06 - Payment Intent ID: pi_3QzWQWPJSEWkmEpS0IDs4eIQ
2025-03-06 4:53:06 - PHP Warning:  Undefined array key "payment_method" in /Users/simonfroggatt/Sites/totalsafetygroup_stores/catalog/model/extension/payment/tsg_stripe.php on line 112
2025-03-06 4:53:26 - Stripe Error:
2025-03-06 4:53:26 - Type: payment_started
2025-03-06 4:53:26 - PHP Warning:  Undefined array key "error_message" in /Users/simonfroggatt/Sites/totalsafetygroup_stores/catalog/model/extension/payment/tsg_stripe.php on line 107
2025-03-06 4:53:26 - Message: 
2025-03-06 4:53:26 - PHP Warning:  Undefined array key "error_code" in /Users/simonfroggatt/Sites/totalsafetygroup_stores/catalog/model/extension/payment/tsg_stripe.php on line 108
2025-03-06 4:53:26 - Code: 
2025-03-06 4:53:26 - Order ID: TST20250306045255211
2025-03-06 4:53:26 - Payment Intent ID: pi_3QzWQWPJSEWkmEpS0IDs4eIQ
2025-03-06 4:53:26 - PHP Warning:  Undefined array key "payment_method" in /Users/simonfroggatt/Sites/totalsafetygroup_stores/catalog/model/extension/payment/tsg_stripe.php on line 112
2025-03-06 4:54:08 - Stripe Error:
2025-03-06 4:54:08 - Type: payment_failed
2025-03-06 4:54:08 - Message: Your card number is incomplete.
2025-03-06 4:54:08 - Code: incomplete_number
2025-03-06 4:54:08 - Order ID: TST20250306045255211
2025-03-06 4:54:08 - Payment Intent ID: pi_3QzWQWPJSEWkmEpS0IDs4eIQ
2025-03-06 4:58:53 - Stripe Error:
2025-03-06 4:58:53 - Type: payment_started
2025-03-06 4:58:53 - PHP Warning:  Undefined array key "error_message" in /Users/simonfroggatt/Sites/totalsafetygroup_stores/catalog/model/extension/payment/tsg_stripe.php on line 107
2025-03-06 4:58:53 - Message: 
2025-03-06 4:58:53 - PHP Warning:  Undefined array key "error_code" in /Users/simonfroggatt/Sites/totalsafetygroup_stores/catalog/model/extension/payment/tsg_stripe.php on line 108
2025-03-06 4:58:53 - Code: 
2025-03-06 4:58:53 - Order ID: TST20250306045824884
2025-03-06 4:58:53 - Payment Intent ID: pi_3QzWVoPJSEWkmEpS1zWyUOHK
2025-03-06 4:58:53 - PHP Warning:  Undefined array key "payment_method" in /Users/simonfroggatt/Sites/totalsafetygroup_stores/catalog/model/extension/payment/tsg_stripe.php on line 112
2025-03-06 4:59:03 - Stripe Error:
2025-03-06 4:59:03 - Type: payment_started
2025-03-06 4:59:03 - PHP Warning:  Undefined array key "error_message" in /Users/simonfroggatt/Sites/totalsafetygroup_stores/catalog/model/extension/payment/tsg_stripe.php on line 107
2025-03-06 4:59:03 - Message: 
2025-03-06 4:59:03 - PHP Warning:  Undefined array key "error_code" in /Users/simonfroggatt/Sites/totalsafetygroup_stores/catalog/model/extension/payment/tsg_stripe.php on line 108
2025-03-06 4:59:03 - Code: 
2025-03-06 4:59:03 - Order ID: TST20250306045824884
2025-03-06 4:59:03 - Payment Intent ID: pi_3QzWVoPJSEWkmEpS1zWyUOHK
2025-03-06 4:59:03 - PHP Warning:  Undefined array key "payment_method" in /Users/simonfroggatt/Sites/totalsafetygroup_stores/catalog/model/extension/payment/tsg_stripe.php on line 112
2025-03-06 5:12:42 - Stripe Error:
2025-03-06 5:12:42 - Type: payment_started
2025-03-06 5:12:42 - PHP Warning:  Undefined array key "error_message" in /Users/simonfroggatt/Sites/totalsafetygroup_stores/catalog/model/extension/payment/tsg_stripe.php on line 107
2025-03-06 5:12:42 - Message: 
2025-03-06 5:12:42 - PHP Warning:  Undefined array key "error_code" in /Users/simonfroggatt/Sites/totalsafetygroup_stores/catalog/model/extension/payment/tsg_stripe.php on line 108
2025-03-06 5:12:42 - Code: 
2025-03-06 5:12:42 - Order ID: TST20250306050838996
2025-03-06 5:12:42 - Payment Intent ID: pi_3QzWfjPJSEWkmEpS0dxi57DC
2025-03-06 5:12:42 - PHP Warning:  Undefined array key "payment_method" in /Users/simonfroggatt/Sites/totalsafetygroup_stores/catalog/model/extension/payment/tsg_stripe.php on line 112
2025-03-06 5:18:39 - PHP Warning:  Trying to access array offset on false in xdebug://debug-eval on line 1
2025-03-06 5:19:20 - PHP Warning:  Trying to access array offset on false in xdebug://debug-eval on line 1
2025-03-06 5:20:11 - Stripe Error:
2025-03-06 5:20:11 - Type: payment_started
2025-03-06 5:20:11 - PHP Warning:  Undefined array key "error_message" in /Users/simonfroggatt/Sites/totalsafetygroup_stores/catalog/model/extension/payment/tsg_stripe.php on line 107
2025-03-06 5:20:11 - Message: 
2025-03-06 5:20:11 - PHP Warning:  Undefined array key "error_code" in /Users/simonfroggatt/Sites/totalsafetygroup_stores/catalog/model/extension/payment/tsg_stripe.php on line 108
2025-03-06 5:20:11 - Code: 
2025-03-06 5:20:11 - Order ID: SSAN-97117
2025-03-06 5:20:11 - Payment Intent ID: pi_3QzWqiPJSEWkmEpS0W3WjPDA
2025-03-06 5:20:11 - PHP Warning:  Undefined array key "payment_method" in /Users/simonfroggatt/Sites/totalsafetygroup_stores/catalog/model/extension/payment/tsg_stripe.php on line 112
2025-03-06 5:22:16 - Stripe Error:
2025-03-06 5:22:16 - Type: payment_started
2025-03-06 5:22:16 - PHP Warning:  Undefined array key "error_message" in /Users/simonfroggatt/Sites/totalsafetygroup_stores/catalog/model/extension/payment/tsg_stripe.php on line 107
2025-03-06 5:22:16 - Message: 
2025-03-06 5:22:16 - PHP Warning:  Undefined array key "error_code" in /Users/simonfroggatt/Sites/totalsafetygroup_stores/catalog/model/extension/payment/tsg_stripe.php on line 108
2025-03-06 5:22:16 - Code: 
2025-03-06 5:22:16 - Order ID: 97117
2025-03-06 5:22:16 - Payment Intent ID: pi_3QzWsmPJSEWkmEpS2DAGXcIa
2025-03-06 5:22:16 - PHP Warning:  Undefined array key "payment_method" in /Users/simonfroggatt/Sites/totalsafetygroup_stores/catalog/model/extension/payment/tsg_stripe.php on line 112
